2026-04-18 10:02:00,972 - INFO - Открыли страницу логина
2026-04-18 10:02:01,042 - INFO - Страница логина успешно загружена
2026-04-18 10:02:01,122 - INFO - Ввели логин: standard_user
2026-04-18 10:02:01,151 - INFO - Ввели пароль
2026-04-18 10:02:01,326 - INFO - Успешно авторизовались
2026-04-18 10:02:01,338 - INFO - Товар Sauce Labs Backpack отображается
2026-04-18 10:02:01,350 - INFO - Цена товара сохранена: $29.99
2026-04-18 10:02:01,448 - INFO - Товар добавлен в корзину
2026-04-18 10:02:01,515 - INFO - Открыли корзину
2026-04-18 10:02:01,552 - INFO - Проверили товар в корзине
2026-04-18 10:02:01,601 - INFO - Открыли Checkout Step One
2026-04-18 10:02:01,665 - INFO - Заполнили данные покупателя
2026-04-18 10:02:01,728 - INFO - Открыли Checkout Step Two
2026-04-18 10:02:01,795 - INFO - Проверили итоговую информацию заказа
2026-04-18 10:02:01,839 - INFO - Нажали Finish
2026-04-18 10:02:01,873 - INFO - Проверили страницу успешного завершения
2026-04-18 10:02:02,056 - INFO - Сохранили финальный скриншот
2026-04-18 10:02:02,102 - INFO - Вернулись на страницу товаров
2026-04-18 10:03:14,935 - INFO - Открыли страницу логина
2026-04-18 10:03:14,993 - INFO - Страница логина успешно загружена
2026-04-18 10:03:15,045 - INFO - Ввели логин: standard_user
2026-04-18 10:03:15,085 - INFO - Ввели пароль
2026-04-18 10:03:15,193 - INFO - Успешно авторизовались
2026-04-18 10:03:15,206 - INFO - Товар Sauce Labs Backpack отображается
2026-04-18 10:03:15,218 - INFO - Цена товара сохранена: $29.99
2026-04-18 10:03:15,268 - INFO - Товар добавлен в корзину
2026-04-18 10:03:15,339 - INFO - Открыли корзину
2026-04-18 10:03:15,392 - INFO - Проверили товар в корзине
2026-04-18 10:03:15,467 - INFO - Открыли Checkout Step One
2026-04-18 10:03:15,590 - INFO - Заполнили данные покупателя
2026-04-18 10:03:15,674 - INFO - Открыли Checkout Step Two
2026-04-18 10:03:15,747 - INFO - Проверили итоговую информацию заказа
2026-04-18 10:03:15,801 - INFO - Нажали Finish
2026-04-18 10:03:15,839 - INFO - Проверили страницу успешного завершения
2026-04-18 10:03:16,047 - INFO - Сохранили финальный скриншот
2026-04-18 10:03:16,125 - INFO - Вернулись на страницу товаров
2026-04-20 09:57:40,838 - INFO - Открыли страницу логина
2026-04-20 09:57:40,924 - INFO - Страница логина успешно загружена
2026-04-20 09:57:41,059 - INFO - Ввели логин: standard_user
2026-04-20 09:57:41,114 - INFO - Ввели пароль
2026-04-20 09:57:41,555 - INFO - Успешно авторизовались
2026-04-20 09:57:41,582 - INFO - Товар Sauce Labs Backpack отображается
2026-04-20 09:57:41,611 - INFO - Цена товара сохранена: $29.99
2026-04-20 09:57:41,687 - INFO - Товар добавлен в корзину
2026-04-20 09:57:41,824 - INFO - Открыли корзину
2026-04-20 09:57:41,885 - INFO - Проверили товар в корзине
2026-04-20 09:57:41,947 - INFO - Открыли Checkout Step One
2026-04-20 09:57:42,071 - INFO - Заполнили данные покупателя
2026-04-20 09:57:42,145 - INFO - Открыли Checkout Step Two
2026-04-20 09:57:42,263 - INFO - Проверили итоговую информацию заказа
2026-04-20 09:57:42,331 - INFO - Нажали Finish
2026-04-20 09:57:42,392 - INFO - Проверили страницу успешного завершения
2026-04-20 09:57:42,726 - INFO - Сохранили финальный скриншот
2026-04-20 09:57:42,801 - INFO - Вернулись на страницу товаров
